<?xml version="1.0" encoding="UTF-8"?>
<testsuite xmlns:xsi="http://www.w3.org/2001/XMLSchema-instance" xsi:noNamespaceSchemaLocation="https://maven.apache.org/surefire/maven-surefire-plugin/xsd/surefire-test-report.xsd" version="3.0.2" name="com.example.demo.DemoApplicationTests" time="1.359" tests="1" errors="0" skipped="0" failures="0">
  <properties>
    <property name="java.specification.version" value="21"/>
    <property name="sun.jnu.encoding" value="UTF-8"/>
    <property name="java.class.path" value="/Users/chriswebster/Development/Java/neo4jdev/neo4j_demo/target/test-classes:/Users/chriswebster/Development/Java/neo4jdev/neo4j_demo/target/classes:/Users/chriswebster/.m2/repository/org/springframework/boot/spring-boot-starter-data-neo4j/3.5.6/spring-boot-starter-data-neo4j-3.5.6.jar:/Users/chriswebster/.m2/repository/org/springframework/boot/spring-boot-starter/3.5.6/spring-boot-starter-3.5.6.jar:/Users/chriswebster/.m2/repository/org/springframework/boot/spring-boot-starter-logging/3.5.6/spring-boot-starter-logging-3.5.6.jar:/Users/chriswebster/.m2/repository/ch/qos/logback/logback-classic/1.5.18/logback-classic-1.5.18.jar:/Users/chriswebster/.m2/repository/ch/qos/logback/logback-core/1.5.18/logback-core-1.5.18.jar:/Users/chriswebster/.m2/repository/org/apache/logging/log4j/log4j-to-slf4j/2.24.3/log4j-to-slf4j-2.24.3.jar:/Users/chriswebster/.m2/repository/org/apache/logging/log4j/log4j-api/2.24.3/log4j-api-2.24.3.jar:/Users/chriswebster/.m2/repository/org/slf4j/jul-to-slf4j/2.0.17/jul-to-slf4j-2.0.17.jar:/Users/chriswebster/.m2/repository/jakarta/annotation/jakarta.annotation-api/2.1.1/jakarta.annotation-api-2.1.1.jar:/Users/chriswebster/.m2/repository/org/yaml/snakeyaml/2.4/snakeyaml-2.4.jar:/Users/chriswebster/.m2/repository/org/springframework/data/spring-data-neo4j/7.5.4/spring-data-neo4j-7.5.4.jar:/Users/chriswebster/.m2/repository/jakarta/transaction/jakarta.transaction-api/2.0.1/jakarta.transaction-api-2.0.1.jar:/Users/chriswebster/.m2/repository/org/apiguardian/apiguardian-api/1.1.1/apiguardian-api-1.1.1.jar:/Users/chriswebster/.m2/repository/org/neo4j/neo4j-cypher-dsl/2024.5.1/neo4j-cypher-dsl-2024.5.1.jar:/Users/chriswebster/.m2/repository/org/neo4j/neo4j-cypher-dsl-schema-name-support/2024.5.1/neo4j-cypher-dsl-schema-name-support-2024.5.1.jar:/Users/chriswebster/.m2/repository/org/neo4j/driver/neo4j-java-driver/5.28.9/neo4j-java-driver-5.28.9.jar:/Users/chriswebster/.m2/repository/org/neo4j/bolt/neo4j-bolt-connection/6.0.2/neo4j-bolt-connection-6.0.2.jar:/Users/chriswebster/.m2/repository/org/neo4j/bolt/neo4j-bolt-connection-netty/6.0.2/neo4j-bolt-connection-netty-6.0.2.jar:/Users/chriswebster/.m2/repository/io/netty/netty-handler/4.1.127.Final/netty-handler-4.1.127.Final.jar:/Users/chriswebster/.m2/repository/io/netty/netty-common/4.1.127.Final/netty-common-4.1.127.Final.jar:/Users/chriswebster/.m2/repository/io/netty/netty-resolver/4.1.127.Final/netty-resolver-4.1.127.Final.jar:/Users/chriswebster/.m2/repository/io/netty/netty-buffer/4.1.127.Final/netty-buffer-4.1.127.Final.jar:/Users/chriswebster/.m2/repository/io/netty/netty-transport/4.1.127.Final/netty-transport-4.1.127.Final.jar:/Users/chriswebster/.m2/repository/io/netty/netty-transport-native-unix-common/4.1.127.Final/netty-transport-native-unix-common-4.1.127.Final.jar:/Users/chriswebster/.m2/repository/io/netty/netty-codec/4.1.127.Final/netty-codec-4.1.127.Final.jar:/Users/chriswebster/.m2/repository/io/netty/netty-tcnative-classes/2.0.73.Final/netty-tcnative-classes-2.0.73.Final.jar:/Users/chriswebster/.m2/repository/org/neo4j/bolt/neo4j-bolt-connection-pooled/6.0.2/neo4j-bolt-connection-pooled-6.0.2.jar:/Users/chriswebster/.m2/repository/org/neo4j/bolt/neo4j-bolt-connection-routed/6.0.2/neo4j-bolt-connection-routed-6.0.2.jar:/Users/chriswebster/.m2/repository/org/reactivestreams/reactive-streams/1.0.4/reactive-streams-1.0.4.jar:/Users/chriswebster/.m2/repository/io/projectreactor/reactor-core/3.7.11/reactor-core-3.7.11.jar:/Users/chriswebster/.m2/repository/org/springframework/spring-beans/6.2.11/spring-beans-6.2.11.jar:/Users/chriswebster/.m2/repository/org/springframework/spring-context/6.2.11/spring-context-6.2.11.jar:/Users/chriswebster/.m2/repository/org/springframework/spring-aop/6.2.11/spring-aop-6.2.11.jar:/Users/chriswebster/.m2/repository/org/springframework/spring-expression/6.2.11/spring-expression-6.2.11.jar:/Users/chriswebster/.m2/repository/io/micrometer/micrometer-observation/1.15.4/micrometer-observation-1.15.4.jar:/Users/chriswebster/.m2/repository/io/micrometer/micrometer-commons/1.15.4/micrometer-commons-1.15.4.jar:/Users/chriswebster/.m2/repository/org/springframework/spring-tx/6.2.11/spring-tx-6.2.11.jar:/Users/chriswebster/.m2/repository/org/springframework/data/spring-data-commons/3.5.4/spring-data-commons-3.5.4.jar:/Users/chriswebster/.m2/repository/org/slf4j/slf4j-api/2.0.17/slf4j-api-2.0.17.jar:/Users/chriswebster/.m2/repository/org/springframework/boot/spring-boot-docker-compose/3.5.6/spring-boot-docker-compose-3.5.6.jar:/Users/chriswebster/.m2/repository/org/springframework/boot/spring-boot/3.5.6/spring-boot-3.5.6.jar:/Users/chriswebster/.m2/repository/com/fasterxml/jackson/core/jackson-databind/2.19.2/jackson-databind-2.19.2.jar:/Users/chriswebster/.m2/repository/com/fasterxml/jackson/core/jackson-annotations/2.19.2/jackson-annotations-2.19.2.jar:/Users/chriswebster/.m2/repository/com/fasterxml/jackson/core/jackson-core/2.19.2/jackson-core-2.19.2.jar:/Users/chriswebster/.m2/repository/com/fasterxml/jackson/module/jackson-module-parameter-names/2.19.2/jackson-module-parameter-names-2.19.2.jar:/Users/chriswebster/.m2/repository/org/springframework/boot/spring-boot-starter-test/3.5.6/spring-boot-starter-test-3.5.6.jar:/Users/chriswebster/.m2/repository/org/springframework/boot/spring-boot-test/3.5.6/spring-boot-test-3.5.6.jar:/Users/chriswebster/.m2/repository/org/springframework/boot/spring-boot-test-autoconfigure/3.5.6/spring-boot-test-autoconfigure-3.5.6.jar:/Users/chriswebster/.m2/repository/com/jayway/jsonpath/json-path/2.9.0/json-path-2.9.0.jar:/Users/chriswebster/.m2/repository/jakarta/xml/bind/jakarta.xml.bind-api/4.0.2/jakarta.xml.bind-api-4.0.2.jar:/Users/chriswebster/.m2/repository/jakarta/activation/jakarta.activation-api/2.1.4/jakarta.activation-api-2.1.4.jar:/Users/chriswebster/.m2/repository/net/minidev/json-smart/2.5.2/json-smart-2.5.2.jar:/Users/chriswebster/.m2/repository/net/minidev/accessors-smart/2.5.2/accessors-smart-2.5.2.jar:/Users/chriswebster/.m2/repository/org/ow2/asm/asm/9.7.1/asm-9.7.1.jar:/Users/chriswebster/.m2/repository/org/assertj/assertj-core/3.27.4/assertj-core-3.27.4.jar:/Users/chriswebster/.m2/repository/net/bytebuddy/byte-buddy/1.17.7/byte-buddy-1.17.7.jar:/Users/chriswebster/.m2/repository/org/awaitility/awaitility/4.2.2/awaitility-4.2.2.jar:/Users/chriswebster/.m2/repository/org/hamcrest/hamcrest/3.0/hamcrest-3.0.jar:/Users/chriswebster/.m2/repository/org/junit/jupiter/junit-jupiter/5.12.2/junit-jupiter-5.12.2.jar:/Users/chriswebster/.m2/repository/org/junit/jupiter/junit-jupiter-api/5.12.2/junit-jupiter-api-5.12.2.jar:/Users/chriswebster/.m2/repository/org/opentest4j/opentest4j/1.3.0/opentest4j-1.3.0.jar:/Users/chriswebster/.m2/repository/org/junit/platform/junit-platform-commons/1.12.2/junit-platform-commons-1.12.2.jar:/Users/chriswebster/.m2/repository/org/junit/jupiter/junit-jupiter-params/5.12.2/junit-jupiter-params-5.12.2.jar:/Users/chriswebster/.m2/repository/org/junit/jupiter/junit-jupiter-engine/5.12.2/junit-jupiter-engine-5.12.2.jar:/Users/chriswebster/.m2/repository/org/junit/platform/junit-platform-engine/1.12.2/junit-platform-engine-1.12.2.jar:/Users/chriswebster/.m2/repository/org/mockito/mockito-core/5.17.0/mockito-core-5.17.0.jar:/Users/chriswebster/.m2/repository/net/bytebuddy/byte-buddy-agent/1.17.7/byte-buddy-agent-1.17.7.jar:/Users/chriswebster/.m2/repository/org/objenesis/objenesis/3.3/objenesis-3.3.jar:/Users/chriswebster/.m2/repository/org/mockito/mockito-junit-jupiter/5.17.0/mockito-junit-jupiter-5.17.0.jar:/Users/chriswebster/.m2/repository/org/skyscreamer/jsonassert/1.5.3/jsonassert-1.5.3.jar:/Users/chriswebster/.m2/repository/com/vaadin/external/google/android-json/0.0.20131108.vaadin1/android-json-0.0.20131108.vaadin1.jar:/Users/chriswebster/.m2/repository/org/springframework/spring-core/6.2.11/spring-core-6.2.11.jar:/Users/chriswebster/.m2/repository/org/springframework/spring-jcl/6.2.11/spring-jcl-6.2.11.jar:/Users/chriswebster/.m2/repository/org/springframework/spring-test/6.2.11/spring-test-6.2.11.jar:/Users/chriswebster/.m2/repository/org/xmlunit/xmlunit-core/2.10.4/xmlunit-core-2.10.4.jar:/Users/chriswebster/.m2/repository/org/springframework/boot/spring-boot-devtools/3.5.6/spring-boot-devtools-3.5.6.jar:/Users/chriswebster/.m2/repository/org/springframework/boot/spring-boot-autoconfigure/3.5.6/spring-boot-autoconfigure-3.5.6.jar:"/>
    <property name="java.vm.vendor" value="Oracle Corporation"/>
    <property name="sun.arch.data.model" value="64"/>
    <property name="java.vendor.url" value="https://java.oracle.com/"/>
    <property name="user.timezone" value="Europe/London"/>
    <property name="os.name" value="Mac OS X"/>
    <property name="java.vm.specification.version" value="21"/>
    <property name="sun.java.launcher" value="SUN_STANDARD"/>
    <property name="user.country" value="GB"/>
    <property name="sun.boot.library.path" value="/Library/Java/JavaVirtualMachines/jdk-21.jdk/Contents/Home/lib"/>
    <property name="sun.java.command" value="/Users/chriswebster/Development/Java/neo4jdev/neo4j_demo/target/surefire/surefirebooter-20251003115612532_3.jar /Users/chriswebster/Development/Java/neo4jdev/neo4j_demo/target/surefire 2025-10-03T11-56-12_491-jvmRun1 surefire-20251003115612532_1tmp surefire_0-20251003115612532_2tmp"/>
    <property name="http.nonProxyHosts" value="local|*.local|169.254/16|*.169.254/16"/>
    <property name="jdk.debug" value="release"/>
    <property name="surefire.test.class.path" value="/Users/chriswebster/Development/Java/neo4jdev/neo4j_demo/target/test-classes:/Users/chriswebster/Development/Java/neo4jdev/neo4j_demo/target/classes:/Users/chriswebster/.m2/repository/org/springframework/boot/spring-boot-starter-data-neo4j/3.5.6/spring-boot-starter-data-neo4j-3.5.6.jar:/Users/chriswebster/.m2/repository/org/springframework/boot/spring-boot-starter/3.5.6/spring-boot-starter-3.5.6.jar:/Users/chriswebster/.m2/repository/org/springframework/boot/spring-boot-starter-logging/3.5.6/spring-boot-starter-logging-3.5.6.jar:/Users/chriswebster/.m2/repository/ch/qos/logback/logback-classic/1.5.18/logback-classic-1.5.18.jar:/Users/chriswebster/.m2/repository/ch/qos/logback/logback-core/1.5.18/logback-core-1.5.18.jar:/Users/chriswebster/.m2/repository/org/apache/logging/log4j/log4j-to-slf4j/2.24.3/log4j-to-slf4j-2.24.3.jar:/Users/chriswebster/.m2/repository/org/apache/logging/log4j/log4j-api/2.24.3/log4j-api-2.24.3.jar:/Users/chriswebster/.m2/repository/org/slf4j/jul-to-slf4j/2.0.17/jul-to-slf4j-2.0.17.jar:/Users/chriswebster/.m2/repository/jakarta/annotation/jakarta.annotation-api/2.1.1/jakarta.annotation-api-2.1.1.jar:/Users/chriswebster/.m2/repository/org/yaml/snakeyaml/2.4/snakeyaml-2.4.jar:/Users/chriswebster/.m2/repository/org/springframework/data/spring-data-neo4j/7.5.4/spring-data-neo4j-7.5.4.jar:/Users/chriswebster/.m2/repository/jakarta/transaction/jakarta.transaction-api/2.0.1/jakarta.transaction-api-2.0.1.jar:/Users/chriswebster/.m2/repository/org/apiguardian/apiguardian-api/1.1.1/apiguardian-api-1.1.1.jar:/Users/chriswebster/.m2/repository/org/neo4j/neo4j-cypher-dsl/2024.5.1/neo4j-cypher-dsl-2024.5.1.jar:/Users/chriswebster/.m2/repository/org/neo4j/neo4j-cypher-dsl-schema-name-support/2024.5.1/neo4j-cypher-dsl-schema-name-support-2024.5.1.jar:/Users/chriswebster/.m2/repository/org/neo4j/driver/neo4j-java-driver/5.28.9/neo4j-java-driver-5.28.9.jar:/Users/chriswebster/.m2/repository/org/neo4j/bolt/neo4j-bolt-connection/6.0.2/neo4j-bolt-connection-6.0.2.jar:/Users/chriswebster/.m2/repository/org/neo4j/bolt/neo4j-bolt-connection-netty/6.0.2/neo4j-bolt-connection-netty-6.0.2.jar:/Users/chriswebster/.m2/repository/io/netty/netty-handler/4.1.127.Final/netty-handler-4.1.127.Final.jar:/Users/chriswebster/.m2/repository/io/netty/netty-common/4.1.127.Final/netty-common-4.1.127.Final.jar:/Users/chriswebster/.m2/repository/io/netty/netty-resolver/4.1.127.Final/netty-resolver-4.1.127.Final.jar:/Users/chriswebster/.m2/repository/io/netty/netty-buffer/4.1.127.Final/netty-buffer-4.1.127.Final.jar:/Users/chriswebster/.m2/repository/io/netty/netty-transport/4.1.127.Final/netty-transport-4.1.127.Final.jar:/Users/chriswebster/.m2/repository/io/netty/netty-transport-native-unix-common/4.1.127.Final/netty-transport-native-unix-common-4.1.127.Final.jar:/Users/chriswebster/.m2/repository/io/netty/netty-codec/4.1.127.Final/netty-codec-4.1.127.Final.jar:/Users/chriswebster/.m2/repository/io/netty/netty-tcnative-classes/2.0.73.Final/netty-tcnative-classes-2.0.73.Final.jar:/Users/chriswebster/.m2/repository/org/neo4j/bolt/neo4j-bolt-connection-pooled/6.0.2/neo4j-bolt-connection-pooled-6.0.2.jar:/Users/chriswebster/.m2/repository/org/neo4j/bolt/neo4j-bolt-connection-routed/6.0.2/neo4j-bolt-connection-routed-6.0.2.jar:/Users/chriswebster/.m2/repository/org/reactivestreams/reactive-streams/1.0.4/reactive-streams-1.0.4.jar:/Users/chriswebster/.m2/repository/io/projectreactor/reactor-core/3.7.11/reactor-core-3.7.11.jar:/Users/chriswebster/.m2/repository/org/springframework/spring-beans/6.2.11/spring-beans-6.2.11.jar:/Users/chriswebster/.m2/repository/org/springframework/spring-context/6.2.11/spring-context-6.2.11.jar:/Users/chriswebster/.m2/repository/org/springframework/spring-aop/6.2.11/spring-aop-6.2.11.jar:/Users/chriswebster/.m2/repository/org/springframework/spring-expression/6.2.11/spring-expression-6.2.11.jar:/Users/chriswebster/.m2/repository/io/micrometer/micrometer-observation/1.15.4/micrometer-observation-1.15.4.jar:/Users/chriswebster/.m2/repository/io/micrometer/micrometer-commons/1.15.4/micrometer-commons-1.15.4.jar:/Users/chriswebster/.m2/repository/org/springframework/spring-tx/6.2.11/spring-tx-6.2.11.jar:/Users/chriswebster/.m2/repository/org/springframework/data/spring-data-commons/3.5.4/spring-data-commons-3.5.4.jar:/Users/chriswebster/.m2/repository/org/slf4j/slf4j-api/2.0.17/slf4j-api-2.0.17.jar:/Users/chriswebster/.m2/repository/org/springframework/boot/spring-boot-docker-compose/3.5.6/spring-boot-docker-compose-3.5.6.jar:/Users/chriswebster/.m2/repository/org/springframework/boot/spring-boot/3.5.6/spring-boot-3.5.6.jar:/Users/chriswebster/.m2/repository/com/fasterxml/jackson/core/jackson-databind/2.19.2/jackson-databind-2.19.2.jar:/Users/chriswebster/.m2/repository/com/fasterxml/jackson/core/jackson-annotations/2.19.2/jackson-annotations-2.19.2.jar:/Users/chriswebster/.m2/repository/com/fasterxml/jackson/core/jackson-core/2.19.2/jackson-core-2.19.2.jar:/Users/chriswebster/.m2/repository/com/fasterxml/jackson/module/jackson-module-parameter-names/2.19.2/jackson-module-parameter-names-2.19.2.jar:/Users/chriswebster/.m2/repository/org/springframework/boot/spring-boot-starter-test/3.5.6/spring-boot-starter-test-3.5.6.jar:/Users/chriswebster/.m2/repository/org/springframework/boot/spring-boot-test/3.5.6/spring-boot-test-3.5.6.jar:/Users/chriswebster/.m2/repository/org/springframework/boot/spring-boot-test-autoconfigure/3.5.6/spring-boot-test-autoconfigure-3.5.6.jar:/Users/chriswebster/.m2/repository/com/jayway/jsonpath/json-path/2.9.0/json-path-2.9.0.jar:/Users/chriswebster/.m2/repository/jakarta/xml/bind/jakarta.xml.bind-api/4.0.2/jakarta.xml.bind-api-4.0.2.jar:/Users/chriswebster/.m2/repository/jakarta/activation/jakarta.activation-api/2.1.4/jakarta.activation-api-2.1.4.jar:/Users/chriswebster/.m2/repository/net/minidev/json-smart/2.5.2/json-smart-2.5.2.jar:/Users/chriswebster/.m2/repository/net/minidev/accessors-smart/2.5.2/accessors-smart-2.5.2.jar:/Users/chriswebster/.m2/repository/org/ow2/asm/asm/9.7.1/asm-9.7.1.jar:/Users/chriswebster/.m2/repository/org/assertj/assertj-core/3.27.4/assertj-core-3.27.4.jar:/Users/chriswebster/.m2/repository/net/bytebuddy/byte-buddy/1.17.7/byte-buddy-1.17.7.jar:/Users/chriswebster/.m2/repository/org/awaitility/awaitility/4.2.2/awaitility-4.2.2.jar:/Users/chriswebster/.m2/repository/org/hamcrest/hamcrest/3.0/hamcrest-3.0.jar:/Users/chriswebster/.m2/repository/org/junit/jupiter/junit-jupiter/5.12.2/junit-jupiter-5.12.2.jar:/Users/chriswebster/.m2/repository/org/junit/jupiter/junit-jupiter-api/5.12.2/junit-jupiter-api-5.12.2.jar:/Users/chriswebster/.m2/repository/org/opentest4j/opentest4j/1.3.0/opentest4j-1.3.0.jar:/Users/chriswebster/.m2/repository/org/junit/platform/junit-platform-commons/1.12.2/junit-platform-commons-1.12.2.jar:/Users/chriswebster/.m2/repository/org/junit/jupiter/junit-jupiter-params/5.12.2/junit-jupiter-params-5.12.2.jar:/Users/chriswebster/.m2/repository/org/junit/jupiter/junit-jupiter-engine/5.12.2/junit-jupiter-engine-5.12.2.jar:/Users/chriswebster/.m2/repository/org/junit/platform/junit-platform-engine/1.12.2/junit-platform-engine-1.12.2.jar:/Users/chriswebster/.m2/repository/org/mockito/mockito-core/5.17.0/mockito-core-5.17.0.jar:/Users/chriswebster/.m2/repository/net/bytebuddy/byte-buddy-agent/1.17.7/byte-buddy-agent-1.17.7.jar:/Users/chriswebster/.m2/repository/org/objenesis/objenesis/3.3/objenesis-3.3.jar:/Users/chriswebster/.m2/repository/org/mockito/mockito-junit-jupiter/5.17.0/mockito-junit-jupiter-5.17.0.jar:/Users/chriswebster/.m2/repository/org/skyscreamer/jsonassert/1.5.3/jsonassert-1.5.3.jar:/Users/chriswebster/.m2/repository/com/vaadin/external/google/android-json/0.0.20131108.vaadin1/android-json-0.0.20131108.vaadin1.jar:/Users/chriswebster/.m2/repository/org/springframework/spring-core/6.2.11/spring-core-6.2.11.jar:/Users/chriswebster/.m2/repository/org/springframework/spring-jcl/6.2.11/spring-jcl-6.2.11.jar:/Users/chriswebster/.m2/repository/org/springframework/spring-test/6.2.11/spring-test-6.2.11.jar:/Users/chriswebster/.m2/repository/org/xmlunit/xmlunit-core/2.10.4/xmlunit-core-2.10.4.jar:/Users/chriswebster/.m2/repository/org/springframework/boot/spring-boot-devtools/3.5.6/spring-boot-devtools-3.5.6.jar:/Users/chriswebster/.m2/repository/org/springframework/boot/spring-boot-autoconfigure/3.5.6/spring-boot-autoconfigure-3.5.6.jar:"/>
    <property name="sun.cpu.endian" value="little"/>
    <property name="user.home" value="/Users/chriswebster"/>
    <property name="user.language" value="en"/>
    <property name="java.specification.vendor" value="Oracle Corporation"/>
    <property name="java.version.date" value="2025-04-15"/>
    <property name="java.home" value="/Library/Java/JavaVirtualMachines/jdk-21.jdk/Contents/Home"/>
    <property name="file.separator" value="/"/>
    <property name="basedir" value="/Users/chriswebster/Development/Java/neo4jdev/neo4j_demo"/>
    <property name="java.vm.compressedOopsMode" value="Zero based"/>
    <property name="line.separator" value="&#10;"/>
    <property name="java.vm.specification.vendor" value="Oracle Corporation"/>
    <property name="java.specification.name" value="Java Platform API Specification"/>
    <property name="FILE_LOG_CHARSET" value="UTF-8"/>
    <property name="java.awt.headless" value="true"/>
    <property name="apple.awt.application.name" value="ForkedBooter"/>
    <property name="surefire.real.class.path" value="/Users/chriswebster/Development/Java/neo4jdev/neo4j_demo/target/surefire/surefirebooter-20251003115612532_3.jar"/>
    <property name="sun.management.compiler" value="HotSpot 64-Bit Tiered Compilers"/>
    <property name="ftp.nonProxyHosts" value="local|*.local|169.254/16|*.169.254/16"/>
    <property name="java.runtime.version" value="21.0.7+8-LTS-245"/>
    <property name="user.name" value="chriswebster"/>
    <property name="stdout.encoding" value="UTF-8"/>
    <property name="path.separator" value=":"/>
    <property name="os.version" value="15.6.1"/>
    <property name="java.runtime.name" value="Java(TM) SE Runtime Environment"/>
    <property name="file.encoding" value="UTF-8"/>
    <property name="java.vm.name" value="Java HotSpot(TM) 64-Bit Server VM"/>
    <property name="localRepository" value="/Users/chriswebster/.m2/repository"/>
    <property name="java.vendor.url.bug" value="https://bugreport.java.com/bugreport/"/>
    <property name="java.io.tmpdir" value="/var/folders/w4/98zg2tqn4kg_x7y09_rp20lr0000gn/T/"/>
    <property name="java.version" value="21.0.7"/>
    <property name="user.dir" value="/Users/chriswebster/Development/Java/neo4jdev/neo4j_demo"/>
    <property name="os.arch" value="aarch64"/>
    <property name="java.vm.specification.name" value="Java Virtual Machine Specification"/>
    <property name="PID" value="45327"/>
    <property name="CONSOLE_LOG_CHARSET" value="UTF-8"/>
    <property name="native.encoding" value="UTF-8"/>
    <property name="java.library.path" value="/Users/chriswebster/Library/Java/Extensions:/Library/Java/Extensions:/Network/Library/Java/Extensions:/System/Library/Java/Extensions:/usr/lib/java:."/>
    <property name="java.vm.info" value="mixed mode, sharing"/>
    <property name="stderr.encoding" value="UTF-8"/>
    <property name="java.vendor" value="Oracle Corporation"/>
    <property name="java.vm.version" value="21.0.7+8-LTS-245"/>
    <property name="sun.io.unicode.encoding" value="UnicodeBig"/>
    <property name="socksNonProxyHosts" value="local|*.local|169.254/16|*.169.254/16"/>
    <property name="java.class.version" value="65.0"/>
  </properties>
  <testcase name="contextLoads" classname="com.example.demo.DemoApplicationTests" time="0.395">
    <system-out><![CDATA[11:56:12.878 [main] INFO org.springframework.test.context.support.AnnotationConfigContextLoaderUtils -- Could not detect default configuration classes for test class [com.example.demo.DemoApplicationTests]: DemoApplicationTests does not declare any static, non-private, non-final, nested classes annotated with @Configuration.
11:56:12.926 [main] INFO org.springframework.boot.test.context.SpringBootTestContextBootstrapper -- Found @SpringBootConfiguration com.example.demo.Neo4j_Demo for test class com.example.demo.DemoApplicationTests
11:56:12.995 [main] INFO org.springframework.boot.devtools.restart.RestartApplicationListener -- Restart disabled due to context in which it is running

  .   ____          _            __ _ _
 /\\ / ___'_ __ _ _(_)_ __  __ _ \ \ \ \
( ( )\___ | '_ | '_| | '_ \/ _` | \ \ \ \
 \\/  ___)| |_)| | | | | || (_| |  ) ) ) )
  '  |____| .__|_| |_|_| |_\__, | / / / /
 =========|_|==============|___/=/_/_/_/

 :: Spring Boot ::                (v3.5.6)

2025-10-03T11:56:13.136+01:00  INFO 45327 --- [           main] com.example.demo.DemoApplicationTests    : Starting DemoApplicationTests using Java 21.0.7 with PID 45327 (started by chriswebster in /Users/chriswebster/Development/Java/neo4jdev/neo4j_demo)
2025-10-03T11:56:13.136+01:00 DEBUG 45327 --- [           main] com.example.demo.DemoApplicationTests    : Running with Spring Boot v3.5.6, Spring v6.2.11
2025-10-03T11:56:13.136+01:00  INFO 45327 --- [           main] com.example.demo.DemoApplicationTests    : The following 1 profile is active: "test"
2025-10-03T11:56:13.292+01:00  INFO 45327 --- [           main] .s.d.r.c.RepositoryConfigurationDelegate : Bootstrapping Spring Data Neo4j repositories in DEFAULT mode.
2025-10-03T11:56:13.301+01:00  INFO 45327 --- [           main] .s.d.r.c.RepositoryConfigurationDelegate : Finished Spring Data repository scanning in 5 ms. Found 0 Neo4j repository interfaces.
2025-10-03T11:56:13.304+01:00  INFO 45327 --- [           main] .s.d.r.c.RepositoryConfigurationDelegate : Bootstrapping Spring Data Neo4j repositories in DEFAULT mode.
2025-10-03T11:56:13.306+01:00  INFO 45327 --- [           main] .s.d.r.c.RepositoryConfigurationDelegate : Finished Spring Data repository scanning in 0 ms. Found 0 Neo4j repository interfaces.
2025-10-03T11:56:13.496+01:00  INFO 45327 --- [           main] o.neo4j.driver.internal.DriverFactory    : Direct driver instance 2017603323 created for server address localhost:7687
2025-10-03T11:56:13.611+01:00  INFO 45327 --- [           main] com.example.demo.DemoApplicationTests    : Started DemoApplicationTests in 0.62 seconds (process running for 1.04)
2025-10-03T11:56:13.640+01:00 DEBUG 45327 --- [           main] o.n.d.io.netty.channel.DefaultChannelId  : -Dio.netty.processId: 45327 (auto-detected)
2025-10-03T11:56:13.642+01:00 DEBUG 45327 --- [           main] org.neo4j.driver.io.netty.util.NetUtil   : -Djava.net.preferIPv4Stack: false
2025-10-03T11:56:13.642+01:00 DEBUG 45327 --- [           main] org.neo4j.driver.io.netty.util.NetUtil   : -Djava.net.preferIPv6Addresses: false
2025-10-03T11:56:13.645+01:00 DEBUG 45327 --- [           main] o.n.d.i.n.util.NetUtilInitializations    : Loopback interface: lo0 (lo0, 0:0:0:0:0:0:0:1%lo0)
2025-10-03T11:56:13.645+01:00 DEBUG 45327 --- [           main] org.neo4j.driver.io.netty.util.NetUtil   : Failed to get SOMAXCONN from sysctl and file /proc/sys/net/core/somaxconn. Default: 128
2025-10-03T11:56:13.646+01:00 DEBUG 45327 --- [           main] o.n.d.io.netty.channel.DefaultChannelId  : -Dio.netty.machineId: 26:fa:b9:ff:fe:63:b6:46 (auto-detected)
2025-10-03T11:56:13.650+01:00 DEBUG 45327 --- [           main] o.n.d.i.netty.util.ResourceLeakDetector  : -Dio.netty.leakDetection.level: simple
2025-10-03T11:56:13.650+01:00 DEBUG 45327 --- [           main] o.n.d.i.netty.util.ResourceLeakDetector  : -Dio.netty.leakDetection.targetRecords: 4
2025-10-03T11:56:13.661+01:00 DEBUG 45327 --- [           main] o.n.d.i.n.buffer.PooledByteBufAllocator  : -Dio.netty.allocator.numHeapArenas: 16
2025-10-03T11:56:13.661+01:00 DEBUG 45327 --- [           main] o.n.d.i.n.buffer.PooledByteBufAllocator  : -Dio.netty.allocator.numDirectArenas: 16
2025-10-03T11:56:13.661+01:00 DEBUG 45327 --- [           main] o.n.d.i.n.buffer.PooledByteBufAllocator  : -Dio.netty.allocator.pageSize: 8192
2025-10-03T11:56:13.661+01:00 DEBUG 45327 --- [           main] o.n.d.i.n.buffer.PooledByteBufAllocator  : -Dio.netty.allocator.maxOrder: 9
2025-10-03T11:56:13.661+01:00 DEBUG 45327 --- [           main] o.n.d.i.n.buffer.PooledByteBufAllocator  : -Dio.netty.allocator.chunkSize: 4194304
2025-10-03T11:56:13.661+01:00 DEBUG 45327 --- [           main] o.n.d.i.n.buffer.PooledByteBufAllocator  : -Dio.netty.allocator.smallCacheSize: 256
2025-10-03T11:56:13.661+01:00 DEBUG 45327 --- [           main] o.n.d.i.n.buffer.PooledByteBufAllocator  : -Dio.netty.allocator.normalCacheSize: 64
2025-10-03T11:56:13.661+01:00 DEBUG 45327 --- [           main] o.n.d.i.n.buffer.PooledByteBufAllocator  : -Dio.netty.allocator.maxCachedBufferCapacity: 32768
2025-10-03T11:56:13.661+01:00 DEBUG 45327 --- [           main] o.n.d.i.n.buffer.PooledByteBufAllocator  : -Dio.netty.allocator.cacheTrimInterval: 8192
2025-10-03T11:56:13.661+01:00 DEBUG 45327 --- [           main] o.n.d.i.n.buffer.PooledByteBufAllocator  : -Dio.netty.allocator.cacheTrimIntervalMillis: 0
2025-10-03T11:56:13.661+01:00 DEBUG 45327 --- [           main] o.n.d.i.n.buffer.PooledByteBufAllocator  : -Dio.netty.allocator.useCacheForAllThreads: false
2025-10-03T11:56:13.661+01:00 DEBUG 45327 --- [           main] o.n.d.i.n.buffer.PooledByteBufAllocator  : -Dio.netty.allocator.maxCachedByteBuffersPerChunk: 1023
2025-10-03T11:56:13.661+01:00 DEBUG 45327 --- [           main] o.n.d.i.n.buffer.PooledByteBufAllocator  : -Dio.netty.allocator.disableCacheFinalizersForFastThreadLocalThreads: false
2025-10-03T11:56:13.665+01:00 DEBUG 45327 --- [           main] o.n.driver.io.netty.buffer.ByteBufUtil   : -Dio.netty.allocator.type: pooled
2025-10-03T11:56:13.665+01:00 DEBUG 45327 --- [           main] o.n.driver.io.netty.buffer.ByteBufUtil   : -Dio.netty.threadLocalDirectBufferSize: 0
2025-10-03T11:56:13.665+01:00 DEBUG 45327 --- [           main] o.n.driver.io.netty.buffer.ByteBufUtil   : -Dio.netty.maxThreadLocalCharBufferSize: 16384
2025-10-03T11:56:13.668+01:00 DEBUG 45327 --- [           main] o.n.d.i.n.b.ChannelInitializerExtensions : -Dio.netty.bootstrap.extensions: null
2025-10-03T11:56:13.703+01:00 DEBUG 45327 --- [o4jDriverIO-2-1] o.n.d.io.netty.buffer.AbstractByteBuf    : -Dio.netty.buffer.checkAccessible: true
2025-10-03T11:56:13.703+01:00 DEBUG 45327 --- [o4jDriverIO-2-1] o.n.d.io.netty.buffer.AbstractByteBuf    : -Dio.netty.buffer.checkBounds: true
2025-10-03T11:56:13.703+01:00 DEBUG 45327 --- [o4jDriverIO-2-1] o.n.d.i.n.u.ResourceLeakDetectorFactory  : Loaded default ResourceLeakDetector: io.netty.util.ResourceLeakDetector@6af10107
2025-10-03T11:56:13.705+01:00 DEBUG 45327 --- [o4jDriverIO-2-1] o.n.b.c.n.i.a.c.ChannelConnectedListener : [0x4a251097][localhost:7687][] C: [Bolt Handshake] [0x6060b017, 511, 526341, 132100, 3]
2025-10-03T11:56:13.707+01:00 DEBUG 45327 --- [o4jDriverIO-2-1] o.neo4j.driver.io.netty.util.Recycler    : -Dio.netty.recycler.maxCapacityPerThread: 4096
2025-10-03T11:56:13.707+01:00 DEBUG 45327 --- [o4jDriverIO-2-1] o.neo4j.driver.io.netty.util.Recycler    : -Dio.netty.recycler.ratio: 8
2025-10-03T11:56:13.707+01:00 DEBUG 45327 --- [o4jDriverIO-2-1] o.neo4j.driver.io.netty.util.Recycler    : -Dio.netty.recycler.chunkSize: 32
2025-10-03T11:56:13.707+01:00 DEBUG 45327 --- [o4jDriverIO-2-1] o.neo4j.driver.io.netty.util.Recycler    : -Dio.netty.recycler.blocking: false
2025-10-03T11:56:13.707+01:00 DEBUG 45327 --- [o4jDriverIO-2-1] o.neo4j.driver.io.netty.util.Recycler    : -Dio.netty.recycler.batchFastThreadLocalOnly: true
2025-10-03T11:56:13.716+01:00 DEBUG 45327 --- [o4jDriverIO-2-1] o.n.d.o.n.b.c.n.i.a.c.HandshakeHandler   : [0x4a251097][localhost:7687][] S: [Bolt Handshake] 5.4
2025-10-03T11:56:13.722+01:00 DEBUG 45327 --- [o4jDriverIO-2-1] d.o.n.b.c.n.i.a.o.OutboundMessageHandler : [0x4a251097][localhost:7687][] C: HELLO {bolt_agent={product: "neo4j-java/5.28.9-a02447f64ff919ceeca350ae254f1114531a1c7a", language: "Java/21.0.7", language_details: "Oracle Corporation; Java HotSpot(TM) 64-Bit Server VM; 21.0.7+8-LTS-245", platform: "Mac OS X; 15.6.1; aarch64"}, user_agent="neo4j-java/5.28.9-a02447f64ff919ceeca350ae254f1114531a1c7a"}
2025-10-03T11:56:13.723+01:00 DEBUG 45327 --- [o4jDriverIO-2-1] d.o.n.b.c.n.i.a.o.OutboundMessageHandler : [0x4a251097][localhost:7687][] C: LOGON {principal="neo4j", scheme="basic", credentials="******"}
2025-10-03T11:56:13.730+01:00 DEBUG 45327 --- [o4jDriverIO-2-1] o.n.b.c.n.i.a.i.InboundMessageDispatcher : [0x4a251097][localhost:7687][] S: SUCCESS {server="Neo4j/5.15.0", connection_id="bolt-30186", hints={connection.recv_timeout_seconds: 120}}
2025-10-03T11:56:13.731+01:00 DEBUG 45327 --- [o4jDriverIO-2-1] o.n.b.c.n.i.a.i.InboundMessageDispatcher : [0x4a251097][localhost:7687][bolt-30186] S: SUCCESS {}
2025-10-03T11:56:13.738+01:00 DEBUG 45327 --- [o4jDriverIO-2-1] d.o.n.b.c.n.i.a.o.OutboundMessageHandler : [0x4a251097][localhost:7687][bolt-30186] C: RUN "MATCH (n) RETURN count(n) AS nodeCount" {} {}
2025-10-03T11:56:13.739+01:00 DEBUG 45327 --- [o4jDriverIO-2-1] d.o.n.b.c.n.i.a.o.OutboundMessageHandler : [0x4a251097][localhost:7687][bolt-30186] C: PULL {n=1000}
2025-10-03T11:56:13.740+01:00 DEBUG 45327 --- [o4jDriverIO-2-1] o.n.d.o.n.b.c.n.i.a.NetworkConnection    : Added ConnectionReadTimeoutHandler
2025-10-03T11:56:13.740+01:00 DEBUG 45327 --- [o4jDriverIO-2-1] o.n.d.o.n.b.c.n.impl.BoltConnectionImpl  : flushed
2025-10-03T11:56:13.746+01:00 DEBUG 45327 --- [o4jDriverIO-2-1] o.n.b.c.n.i.a.i.InboundMessageDispatcher : [0x4a251097][localhost:7687][bolt-30186] S: SUCCESS {fields=["nodeCount"], t_first=4}
2025-10-03T11:56:13.749+01:00 DEBUG 45327 --- [o4jDriverIO-2-1] o.n.b.c.n.i.a.i.InboundMessageDispatcher : [0x4a251097][localhost:7687][bolt-30186] S: RECORD [51]
2025-10-03T11:56:13.750+01:00 DEBUG 45327 --- [o4jDriverIO-2-1] o.n.b.c.n.i.a.i.InboundMessageDispatcher : [0x4a251097][localhost:7687][bolt-30186] S: SUCCESS {bookmark="FB:kcwQiC5Gf5PSSz+jXbT6Q1Y9H0aQ", type="r", t_last=1, db="neo4j"}
2025-10-03T11:56:13.750+01:00 DEBUG 45327 --- [o4jDriverIO-2-1] o.n.d.o.n.b.c.n.i.a.NetworkConnection    : Removed ConnectionReadTimeoutHandler
2025-10-03T11:56:13.753+01:00 DEBUG 45327 --- [o4jDriverIO-2-1] d.o.n.b.c.n.i.a.o.OutboundMessageHandler : [0x4a251097][localhost:7687][bolt-30186] C: RESET
2025-10-03T11:56:13.753+01:00 DEBUG 45327 --- [o4jDriverIO-2-1] o.n.d.o.n.b.c.n.i.a.NetworkConnection    : Added ConnectionReadTimeoutHandler
2025-10-03T11:56:13.753+01:00 DEBUG 45327 --- [o4jDriverIO-2-1] o.n.d.o.n.b.c.n.impl.BoltConnectionImpl  : flushed
2025-10-03T11:56:13.754+01:00 DEBUG 45327 --- [o4jDriverIO-2-1] o.n.b.c.n.i.a.i.InboundMessageDispatcher : [0x4a251097][localhost:7687][bolt-30186] S: SUCCESS {}
2025-10-03T11:56:13.754+01:00 DEBUG 45327 --- [o4jDriverIO-2-1] o.n.d.o.n.b.c.n.i.a.NetworkConnection    : Removed ConnectionReadTimeoutHandler
2025-10-03T11:56:13.755+01:00 DEBUG 45327 --- [o4jDriverIO-2-1] n.d.o.n.b.c.p.PooledBoltConnectionSource : Connection released to the pool.
Number of nodes in the database: 51
]]></system-out>
    <system-err><![CDATA[Mockito is currently self-attaching to enable the inline-mock-maker. This will no longer work in future releases of the JDK. Please add Mockito as an agent to your build as described in Mockito's documentation: https://javadoc.io/doc/org.mockito/mockito-core/latest/org.mockito/org/mockito/Mockito.html#0.3
WARNING: A Java agent has been loaded dynamically (/Users/chriswebster/.m2/repository/net/bytebuddy/byte-buddy-agent/1.17.7/byte-buddy-agent-1.17.7.jar)
WARNING: If a serviceability tool is in use, please run with -XX:+EnableDynamicAgentLoading to hide this warning
WARNING: If a serviceability tool is not in use, please run with -Djdk.instrument.traceUsage for more information
WARNING: Dynamic loading of agents will be disallowed by default in a future release
]]></system-err>
  </testcase>
</testsuite>